
===============Init Logging================

11/01/2020 - 23:22:00 	===== Ouverture de session =====
11/01/2020 - 23:38:15 	Début du calcul
11/01/2020 - 23:38:15 	Nombre de positions : 1
11/01/2020 - 23:38:15 	Simulation inactivée
11/01/2020 - 23:38:15 	Fin du calcul
11/01/2020 - 23:38:22 	Début du calcul
11/01/2020 - 23:38:22 	Nombre de positions : 1000
11/01/2020 - 23:38:22 	Simulation inactivée
11/01/2020 - 23:38:22 	Fin du calcul
11/01/2020 - 23:38:27 	Début du calcul
11/01/2020 - 23:38:27 	Nombre de positions : 1000
11/01/2020 - 23:38:27 	Simulation inactivée
11/01/2020 - 23:38:28 	Fin du calcul
11/01/2020 - 23:38:34 	Début du calcul
11/01/2020 - 23:38:34 	Nombre de positions : 1000
11/01/2020 - 23:38:34 	Simulation inactivée
11/01/2020 - 23:38:34 	Fin du calcul
11/01/2020 - 23:38:37 	Début du calcul
11/01/2020 - 23:38:37 	Nombre de positions : 1000
11/01/2020 - 23:38:37 	Simulation inactivée
11/01/2020 - 23:38:38 	Fin du calcul
11/01/2020 - 23:38:39 	Début du calcul
11/01/2020 - 23:38:39 	Nombre de positions : 1000
11/01/2020 - 23:38:39 	Simulation inactivée
11/01/2020 - 23:38:40 	Fin du calcul
11/01/2020 - 23:38:49 	Début du calcul
11/01/2020 - 23:38:49 	Nombre de positions : 10000
11/01/2020 - 23:38:49 	Simulation inactivée
11/01/2020 - 23:38:49 	Fin du calcul
11/01/2020 - 23:41:39 	Début du calcul
11/01/2020 - 23:41:39 	Nombre de positions : 1000
11/01/2020 - 23:41:39 	Simulation inactivée
11/01/2020 - 23:41:40 	Fin du calcul
11/01/2020 - 23:49:19 	Début du calcul
11/01/2020 - 23:49:19 	Nombre de positions : 1000
11/01/2020 - 23:49:19 	Simulation inactivée
11/01/2020 - 23:49:19 	Fin du calcul
11/01/2020 - 23:55:09 	===== Fermeture de session =====

===============Finish Logging================


===============Init Logging================

11/01/2020 - 23:55:32 	===== Ouverture de session =====
11/01/2020 - 23:55:58 	===== Fermeture de session =====

===============Finish Logging================


===============Init Logging================

12/01/2020 - 11:00:23 	===== Ouverture de session =====
12/01/2020 - 11:04:30 	Début du calcul
12/01/2020 - 11:04:30 	Nombre de positions : 1000
12/01/2020 - 11:04:30 	Simulation inactivée
12/01/2020 - 11:04:30 	Fin du calcul
12/01/2020 - 11:16:57 	Début du calcul
12/01/2020 - 11:16:57 	Nombre de positions : 1000
12/01/2020 - 11:16:57 	Simulation inactivée
12/01/2020 - 11:16:58 	Fin du calcul
12/01/2020 - 11:17:33 	Début du calcul
12/01/2020 - 11:17:33 	Nombre de positions : 1000
12/01/2020 - 11:17:33 	Simulation inactivée
12/01/2020 - 11:17:34 	Fin du calcul
12/01/2020 - 11:20:28 	Début du calcul
12/01/2020 - 11:20:28 	Nombre de positions : 1000
12/01/2020 - 11:20:28 	Simulation inactivée
12/01/2020 - 11:20:28 	Fin du calcul
12/01/2020 - 11:23:17 	Début du calcul
12/01/2020 - 11:23:17 	Nombre de positions : 1000
12/01/2020 - 11:23:17 	Simulation inactivée
12/01/2020 - 11:23:17 	Fin du calcul
12/01/2020 - 11:28:58 	Début du calcul
12/01/2020 - 11:28:58 	Nombre de positions : 1000
12/01/2020 - 11:28:58 	Simulation inactivée
12/01/2020 - 11:28:58 	Fin du calcul
12/01/2020 - 11:29:40 	Début du calcul
12/01/2020 - 11:29:40 	Nombre de positions : 1000
12/01/2020 - 11:29:40 	Simulation inactivée
12/01/2020 - 11:29:40 	Fin du calcul
12/01/2020 - 11:30:29 	Début du calcul
12/01/2020 - 11:30:29 	Nombre de positions : 1000
12/01/2020 - 11:30:29 	Simulation inactivée
12/01/2020 - 11:30:29 	Fin du calcul
12/01/2020 - 11:33:58 	Début du calcul
12/01/2020 - 11:33:58 	Nombre de positions : 240
12/01/2020 - 11:33:58 	Simulation inactivée
12/01/2020 - 11:33:58 	Fin du calcul
12/01/2020 - 11:35:33 	Début du calcul
12/01/2020 - 11:35:33 	Nombre de positions : 1000
12/01/2020 - 11:35:33 	Simulation inactivée
12/01/2020 - 11:35:33 	Fin du calcul
12/01/2020 - 12:05:18 	Début du calcul
12/01/2020 - 12:05:18 	Nombre de positions : 1000
12/01/2020 - 12:05:18 	Simulation inactivée
12/01/2020 - 12:05:19 	Fin du calcul
12/01/2020 - 13:32:08 	===== Fermeture de session =====

===============Finish Logging================


===============Init Logging================

12/01/2020 - 13:33:30 	===== Ouverture de session =====
12/01/2020 - 14:13:57 	===== Fermeture de session =====

===============Finish Logging================


===============Init Logging================

18/01/2020 - 20:16:32 	===== Ouverture de session =====
18/01/2020 - 23:12:28 	===== Fermeture de session =====

===============Finish Logging================


===============Init Logging================

19/01/2020 - 09:53:28 	===== Ouverture de session =====
19/01/2020 - 11:08:19 	Début du calcul
19/01/2020 - 11:08:19 	Nombre de positions : 1000
19/01/2020 - 11:08:19 	Simulation inactivée
19/01/2020 - 11:08:20 	Fin du calcul
19/01/2020 - 11:38:54 	===== Fermeture de session =====

===============Finish Logging================


===============Init Logging================

19/01/2020 - 11:40:03 	===== Ouverture de session =====
19/01/2020 - 11:41:16 	===== Fermeture de session =====

===============Finish Logging================


===============Init Logging================

19/01/2020 - 11:41:44 	===== Ouverture de session =====
19/01/2020 - 12:14:55 	===== Fermeture de session =====

===============Finish Logging================


===============Init Logging================

19/01/2020 - 12:16:32 	===== Ouverture de session =====
19/01/2020 - 12:26:32 	===== Fermeture de session =====

===============Finish Logging================


===============Init Logging================

01/02/2020 - 21:27:55 	===== Ouverture de session =====
01/02/2020 - 23:00:09 	===== Fermeture de session =====

===============Finish Logging================


===============Init Logging================

02/02/2020 - 18:20:39 	===== Ouverture de session =====
02/02/2020 - 18:29:13 	===== Fermeture de session =====

===============Finish Logging================


===============Init Logging================

02/02/2020 - 18:41:20 	===== Ouverture de session =====
02/02/2020 - 19:44:22 	===== Fermeture de session =====

===============Finish Logging================

